<?xml version="1.0" encoding="UTF-8"?>
<!-- Generated by org.testng.reporters.JUnitReportReporter -->
<testsuite hostname="LAPTOP-D04C1MQQ" failures="0" tests="12" name="com.tutorialsNinja.TestCases.RegisterTest" time="142.544" errors="0" timestamp="2024-04-13T22:13:57 EDT" skipped="0">
  <testcase classname="com.tutorialsNinja.TestCases.RegisterTest" name="verifyRegisterWithMandatoryDetails" time="8.575"/>
  <testcase classname="com.tutorialsNinja.TestCases.RegisterTest" name="verifyRegisterWithMandatoryDetails" time="9.901"/>
  <testcase classname="com.tutorialsNinja.TestCases.RegisterTest" name="verifyRegisterWithMandatoryDetails" time="8.110"/>
  <testcase classname="com.tutorialsNinja.TestCases.RegisterTest" name="verifyRegisterWithMandatoryDetails" time="8.697"/>
  <testcase classname="com.tutorialsNinja.TestCases.RegisterTest" name="verifyRegisterWithMandatoryDetails" time="8.189"/>
  <testcase classname="com.tutorialsNinja.TestCases.RegisterTest" name="verifyRegisterWithMandatoryDetails" time="8.685"/>
  <testcase classname="com.tutorialsNinja.TestCases.RegisterTest" name="verifyRegisterWithMandatoryDetails" time="8.033"/>
  <testcase classname="com.tutorialsNinja.TestCases.RegisterTest" name="verifyRegisterWithMandatoryDetails" time="9.199"/>
  <testcase classname="com.tutorialsNinja.TestCases.RegisterTest" name="verifyRegisterWithAllDetails" time="44.983"/>
  <testcase classname="com.tutorialsNinja.TestCases.RegisterTest" name="verifyRegisterWithExistingEmail" time="11.004"/>
  <testcase classname="com.tutorialsNinja.TestCases.RegisterTest" name="verifyRegisterWithWrongConfirmPassword" time="10.276"/>
  <testcase classname="com.tutorialsNinja.TestCases.RegisterTest" name="verifyRegisterWithNoDetails" time="6.892"/>
</testsuite> <!-- com.tutorialsNinja.TestCases.RegisterTest -->
