<?xml version="1.0" encoding="UTF-8"?>
<!-- Generated by org.testng.reporters.JUnitReportReporter -->
<testsuite hostname="LAPTOP-D04C1MQQ" failures="0" tests="12" name="com.tutorialsNinja.TestCases.LoginTest" time="105.730" errors="0" timestamp="2024-04-13T22:13:57 EDT" skipped="0">
  <testcase classname="com.tutorialsNinja.TestCases.LoginTest" name="loginWithValidCredentials" time="8.000"/>
  <testcase classname="com.tutorialsNinja.TestCases.LoginTest" name="loginWithValidCredentials" time="8.142"/>
  <testcase classname="com.tutorialsNinja.TestCases.LoginTest" name="loginWithValidCredentials" time="11.309"/>
  <testcase classname="com.tutorialsNinja.TestCases.LoginTest" name="loginWithValidCredentials" time="7.063"/>
  <testcase classname="com.tutorialsNinja.TestCases.LoginTest" name="loginWithValidCredentials" time="7.198"/>
  <testcase classname="com.tutorialsNinja.TestCases.LoginTest" name="loginWithValidCredentials" time="8.583"/>
  <testcase classname="com.tutorialsNinja.TestCases.LoginTest" name="loginWithValidCredentials" time="7.385"/>
  <testcase classname="com.tutorialsNinja.TestCases.LoginTest" name="loginWithValidCredentials" time="7.232"/>
  <testcase classname="com.tutorialsNinja.TestCases.LoginTest" name="loginWithValidEmailInvalidPassword" time="8.729"/>
  <testcase classname="com.tutorialsNinja.TestCases.LoginTest" name="loginWithInvalidEmailValidPassword" time="7.442"/>
  <testcase classname="com.tutorialsNinja.TestCases.LoginTest" name="loginWithInvalidCredentials" time="16.738"/>
  <testcase classname="com.tutorialsNinja.TestCases.LoginTest" name="loginWithNoCredentials" time="7.909"/>
</testsuite> <!-- com.tutorialsNinja.TestCases.LoginTest -->
